[debug] [2020-12-22T16:05:30.221Z] ----------------------------------------------------------------------
[debug] [2020-12-22T16:05:30.224Z] Command:       C:\Program Files\nodejs\node.exe C:\Users\leoni\AppData\Roaming\npm\node_modules\firebase-tools\lib\bin\firebase.js serve
[debug] [2020-12-22T16:05:30.224Z] CLI Version:   8.19.0
[debug] [2020-12-22T16:05:30.224Z] Platform:      win32
[debug] [2020-12-22T16:05:30.224Z] Node Version:  v12.16.3
[debug] [2020-12-22T16:05:30.226Z] Time:          Tue Dec 22 2020 17:05:30 GMT+0100 (Central European Standard Time)
[debug] [2020-12-22T16:05:30.226Z] ----------------------------------------------------------------------
[debug] [2020-12-22T16:05:30.226Z] 
[debug] [2020-12-22T16:05:30.237Z] > command requires scopes: ["email","openid","https://www.googleapis.com/auth/cloudplatformprojects.readonly","https://www.googleapis.com/auth/firebase","https://www.googleapis.com/auth/cloud-platform"]
[debug] [2020-12-22T16:05:30.238Z] > authorizing via signed-in user
[debug] [2020-12-22T16:05:30.238Z] [iam] checking project portfolio-leonl for permissions ["firebase.projects.get"]
[debug] [2020-12-22T16:05:30.242Z] >>> HTTP REQUEST POST https://cloudresourcemanager.googleapis.com/v1/projects/portfolio-leonl:testIamPermissions  
 {"permissions":["firebase.projects.get"]}
[debug] [2020-12-22T16:05:31.021Z] <<< HTTP RESPONSE 200 {"content-type":"application/json; charset=UTF-8","vary":"X-Origin, Referer, Origin,Accept-Encoding","date":"Tue, 22 Dec 2020 16:05:29 GMT","server":"ESF","cache-control":"private","x-xss-protection":"0","x-frame-options":"SAMEORIGIN","x-content-type-options":"nosniff","server-timing":"gfet4t7; dur=726","alt-svc":"h3-29=\":443\"; ma=2592000,h3-T051=\":443\"; ma=2592000,h3-Q050=\":443\"; ma=2592000,h3-Q046=\":443\"; ma=2592000,h3-Q043=\":443\"; ma=2592000,quic=\":443\"; ma=2592000; v=\"46,43\"","accept-ranges":"none","transfer-encoding":"chunked"}
[debug] [2020-12-22T16:05:31.022Z] >>> HTTP REQUEST GET https://firebase.googleapis.com/v1beta1/projects/portfolio-leonl  
 
[debug] [2020-12-22T16:05:31.190Z] <<< HTTP RESPONSE 200 {"content-type":"application/json; charset=UTF-8","vary":"X-Origin, Referer, Origin,Accept-Encoding","date":"Tue, 22 Dec 2020 16:05:29 GMT","server":"ESF","cache-control":"private","x-xss-protection":"0","x-frame-options":"SAMEORIGIN","x-content-type-options":"nosniff","alt-svc":"h3-29=\":443\"; ma=2592000,h3-T051=\":443\"; ma=2592000,h3-Q050=\":443\"; ma=2592000,h3-Q046=\":443\"; ma=2592000,h3-Q043=\":443\"; ma=2592000,quic=\":443\"; ma=2592000; v=\"46,43\"","accept-ranges":"none","transfer-encoding":"chunked"}
[info] 
[info] === Serving from 'J:\Webutveckling\PortfolioProject\portfolioleon'...
[info] 
[info] +  functions: Using node@12 from host. {"metadata":{"emulator":{"name":"functions"},"message":"Using node@12 from host."}}
[debug] [2020-12-22T16:05:32.211Z] defaultcredentials: writing to file C:\Users\leoni\AppData\Roaming\firebase\leon_lindqvist_gmail.com_application_default_credentials.json
[debug] [2020-12-22T16:05:32.215Z] Setting GAC to C:\Users\leoni\AppData\Roaming\firebase\leon_lindqvist_gmail.com_application_default_credentials.json {"metadata":{"emulator":{"name":"functions"},"message":"Setting GAC to C:\\Users\\leoni\\AppData\\Roaming\\firebase\\leon_lindqvist_gmail.com_application_default_credentials.json"}}
[info] i  functions: Watching "J:\Webutveckling\PortfolioProject\portfolioleon\functions" for Cloud Functions... {"metadata":{"emulator":{"name":"functions"},"message":"Watching \"J:\\Webutveckling\\PortfolioProject\\portfolioleon\\functions\" for Cloud Functions..."}}
[debug] [2020-12-22T16:05:32.314Z] [worker-pool] addWorker(~diagnostic~) {"metadata":{"emulator":{"name":"functions"},"message":"[worker-pool] addWorker(~diagnostic~)"}}
[debug] [2020-12-22T16:05:32.314Z] [worker-pool] Adding worker with key ~diagnostic~, total=1 {"metadata":{"emulator":{"name":"functions"},"message":"[worker-pool] Adding worker with key ~diagnostic~, total=1"}}
[debug] [2020-12-22T16:05:32.314Z] [worker-pool] submitWork(triggerId=) {"metadata":{"emulator":{"name":"functions"},"message":"[worker-pool] submitWork(triggerId=)"}}
[debug] [2020-12-22T16:05:32.315Z] [worker-~diagnostic~-d9832bcb-12ae-401f-af01-8d2d8636d2f8]: Assigning socketPath: \\?\pipe\J:\Webutveckling\PortfolioProject\portfolioleon\functions\47088 {"metadata":{"emulator":{"name":"functions"},"message":"[worker-~diagnostic~-d9832bcb-12ae-401f-af01-8d2d8636d2f8]: Assigning socketPath: \\\\?\\pipe\\J:\\Webutveckling\\PortfolioProject\\portfolioleon\\functions\\47088"}}
[debug] [2020-12-22T16:05:32.315Z] [worker-~diagnostic~-d9832bcb-12ae-401f-af01-8d2d8636d2f8]: BUSY {"metadata":{"emulator":{"name":"functions"},"message":"[worker-~diagnostic~-d9832bcb-12ae-401f-af01-8d2d8636d2f8]: BUSY"}}
